app/build/outputs/logs/manifest-merger-debug-report.txt
-- Merging decision tree log ---
manifest
ADDED from src/main/AndroidManifest.xml:2:1-53:12
	xmlns:android
		ADDED from src/main/AndroidManifest.xml:2:11-69
	package
		ADDED from src/main/AndroidManifest.xml:3:7-39
		INJECTED from src/main/AndroidManifest.xml
		INJECTED from src/main/AndroidManifest.xml
	android:versionName
		ADDED from src/main/AndroidManifest.xml:5:7-32
		INJECTED from src/main/AndroidManifest.xml
		INJECTED from src/main/AndroidManifest.xml
	android:versionCode
		ADDED from src/main/AndroidManifest.xml:4:7-30
		INJECTED from src/main/AndroidManifest.xml
		INJECTED from src/main/AndroidManifest.xml
uses-sdk
ADDED from src/main/AndroidManifest.xml:8:5-44
	android:targetSdkVersion
		INJECTED from src/main/AndroidManifest.xml
		INJECTED from src/main/AndroidManifest.xml
	android:minSdkVersion
		ADDED from src/main/AndroidManifest.xml:8:15-41
		INJECTED from src/main/AndroidManifest.xml
		INJECTED from src/main/AndroidManifest.xml
uses-permission#android.permission.CAMERA
ADDED from src/main/AndroidManifest.xml:13:5-65
	android:name
		ADDED from src/main/AndroidManifest.xml:13:22-62
uses-permission#android.permission.FLASHLIGHT
ADDED from src/main/AndroidManifest.xml:14:5-68
	android:name
		ADDED from src/main/AndroidManifest.xml:14:22-66
uses-feature#android.hardware.camera
ADDED from src/main/AndroidManifest.xml:15:5-60
	android:name
		ADDED from src/main/AndroidManifest.xml:15:19-57
uses-feature#android.hardware.camera.autofocus
ADDED from src/main/AndroidManifest.xml:16:5-95
	android:required
		ADDED from src/main/AndroidManifest.xml:16:68-92
	android:name
		ADDED from src/main/AndroidManifest.xml:16:19-67
uses-permission#android.permission.WAKE_LOCK
ADDED from src/main/AndroidManifest.xml:17:5-68
	android:name
		ADDED from src/main/AndroidManifest.xml:17:22-65
uses-permission#android.permission.DISABLE_KEYGUARD
ADDED from src/main/AndroidManifest.xml:18:5-75
	android:name
		ADDED from src/main/AndroidManifest.xml:18:22-72
uses-permission#android.permission.RECORD_AUDIO
ADDED from src/main/AndroidManifest.xml:19:5-71
	android:name
		ADDED from src/main/AndroidManifest.xml:19:22-68
uses-permission#android.permission.WRITE_EXTERNAL_STORAGE
ADDED from src/main/AndroidManifest.xml:20:5-81
	android:name
		ADDED from src/main/AndroidManifest.xml:20:22-78
uses-permission#android.permission.MOUNT_UNMOUNT_FILESYSTEMS
ADDED from src/main/AndroidManifest.xml:21:5-84
	android:name
		ADDED from src/main/AndroidManifest.xml:21:22-81
application
ADDED from src/main/AndroidManifest.xml:24:5-52:19
	android:label
		ADDED from src/main/AndroidManifest.xml:24:48-80
	android:icon
		ADDED from src/main/AndroidManifest.xml:24:18-47
activity#com.example.cameratest.MainActivity
ADDED from src/main/AndroidManifest.xml:26:3-35:14
	android:screenOrientation
		ADDED from src/main/AndroidManifest.xml:27:7-43
	android:label
		ADDED from src/main/AndroidManifest.xml:26:64-96
	android:configChanges
		ADDED from src/main/AndroidManifest.xml:28:13-59
	android:name
		ADDED from src/main/AndroidManifest.xml:26:13-63
intent-filter#android.intent.action.MAIN+android.intent.category.LAUNCHER
ADDED from src/main/AndroidManifest.xml:30:4-33:20
action#android.intent.action.MAIN
ADDED from src/main/AndroidManifest.xml:31:5-57
	android:name
		ADDED from src/main/AndroidManifest.xml:31:13-54
category#android.intent.category.LAUNCHER
ADDED from src/main/AndroidManifest.xml:32:5-65
	android:name
		ADDED from src/main/AndroidManifest.xml:32:15-62
receiver#com.example.cameratest.CamReceiver
ADDED from src/main/AndroidManifest.xml:37:3-50:14
	android:enabled
		ADDED from src/main/AndroidManifest.xml:37:63-85
	android:name
		ADDED from src/main/AndroidManifest.xml:37:13-62
intent-filter#asus.camera.close+asus.camera.iso+asus.camera.setexptime+asus.camera.setparameter+asus.camera.setsavepath+asus.camera.takepicture
ADDED from src/main/AndroidManifest.xml:39:13-48:29
action#asus.camera.close
ADDED from src/main/AndroidManifest.xml:41:18-61
	android:name
		ADDED from src/main/AndroidManifest.xml:41:26-58
action#asus.camera.setsavepath
ADDED from src/main/AndroidManifest.xml:42:18-67
	android:name
		ADDED from src/main/AndroidManifest.xml:42:26-64
action#asus.camera.setparameter
ADDED from src/main/AndroidManifest.xml:43:18-68
	android:name
		ADDED from src/main/AndroidManifest.xml:43:26-65
action#asus.camera.takepicture
ADDED from src/main/AndroidManifest.xml:44:18-67
	android:name
		ADDED from src/main/AndroidManifest.xml:44:26-64
action#asus.camera.iso
ADDED from src/main/AndroidManifest.xml:45:18-59
	android:name
		ADDED from src/main/AndroidManifest.xml:45:26-56
action#asus.camera.setexptime
ADDED from src/main/AndroidManifest.xml:46:18-66
	android:name
		ADDED from src/main/AndroidManifest.xml:46:26-63